[2021-07-24 19:51:40.184] [exthost] [info] extension host started
[2021-07-24 19:51:40.521] [exthost] [info] ExtensionService#_doActivateExtension vscode.debug-auto-launch {"startup":true,"extensionId":{"value":"vscode.debug-auto-launch","_lower":"vscode.debug-auto-launch"},"activationEvent":"*"}
[2021-07-24 19:51:40.521] [exthost] [info] ExtensionService#loadCommonJSModule file:///usr/share/vscodium/resources/app/extensions/debug-auto-launch/dist/extension
[2021-07-24 19:51:40.528] [exthost] [info] ExtensionService#_doActivateExtension vscode.git {"startup":true,"extensionId":{"value":"vscode.github","_lower":"vscode.github"},"activationEvent":"*"}
[2021-07-24 19:51:40.528] [exthost] [info] ExtensionService#loadCommonJSModule file:///usr/share/vscodium/resources/app/extensions/git/dist/main
[2021-07-24 19:51:40.569] [exthost] [info] ExtensionService#_doActivateExtension ritwickdey.LiveServer {"startup":true,"extensionId":{"value":"ritwickdey.LiveServer","_lower":"ritwickdey.liveserver"},"activationEvent":"*"}
[2021-07-24 19:51:40.569] [exthost] [info] ExtensionService#loadCommonJSModule file:///home/juli/.vscode-oss/extensions/ritwickdey.liveserver-5.6.1/out/src/extension
[2021-07-24 19:51:41.043] [exthost] [info] ExtensionService#_doActivateExtension vscode.github {"startup":true,"extensionId":{"value":"vscode.github","_lower":"vscode.github"},"activationEvent":"*"}
[2021-07-24 19:51:41.043] [exthost] [info] ExtensionService#loadCommonJSModule file:///usr/share/vscodium/resources/app/extensions/github/dist/extension.js
[2021-07-24 19:51:41.057] [exthost] [info] ExtensionService#_doActivateExtension ms-vscode.js-debug {"startup":false,"extensionId":{"value":"ms-vscode.js-debug","_lower":"ms-vscode.js-debug"},"activationEvent":"onCommand:extension.js-debug.clearAutoAttachVariables"}
[2021-07-24 19:51:41.057] [exthost] [info] ExtensionService#loadCommonJSModule file:///usr/share/vscodium/resources/app/extensions/ms-vscode.js-debug/src/extension.js
[2021-07-24 19:51:41.242] [exthost] [info] eager extensions activated
[2021-07-24 19:51:41.259] [exthost] [info] ExtensionService#_doActivateExtension vscode.emmet {"startup":false,"extensionId":{"value":"vscode.emmet","_lower":"vscode.emmet"},"activationEvent":"onStartupFinished"}
[2021-07-24 19:51:41.259] [exthost] [info] ExtensionService#loadCommonJSModule file:///usr/share/vscodium/resources/app/extensions/emmet/dist/node/emmetNodeMain
[2021-07-24 19:51:41.266] [exthost] [info] ExtensionService#_doActivateExtension vscode.merge-conflict {"startup":false,"extensionId":{"value":"vscode.merge-conflict","_lower":"vscode.merge-conflict"},"activationEvent":"onStartupFinished"}
[2021-07-24 19:51:41.266] [exthost] [info] ExtensionService#loadCommonJSModule file:///usr/share/vscodium/resources/app/extensions/merge-conflict/dist/mergeConflictMain
[2021-07-24 19:51:41.268] [exthost] [info] ExtensionService#_doActivateExtension vscode.testing-editor-contributions {"startup":false,"extensionId":{"value":"vscode.testing-editor-contributions","_lower":"vscode.testing-editor-contributions"},"activationEvent":"onStartupFinished"}
[2021-07-24 19:51:41.269] [exthost] [info] ExtensionService#loadCommonJSModule file:///usr/share/vscodium/resources/app/extensions/testing-editor-contributions/dist/extension.js
[2021-07-24 19:53:39.863] [exthost] [info] ExtensionService#_doActivateExtension vscode.extension-editing {"startup":false,"extensionId":{"value":"vscode.extension-editing","_lower":"vscode.extension-editing"},"activationEvent":"onLanguage:markdown"}
[2021-07-24 19:53:39.863] [exthost] [info] ExtensionService#loadCommonJSModule file:///usr/share/vscodium/resources/app/extensions/extension-editing/dist/extensionEditingMain
[2021-07-24 19:53:39.970] [exthost] [info] ExtensionService#_doActivateExtension vscode.markdown-language-features {"startup":false,"extensionId":{"value":"vscode.markdown-language-features","_lower":"vscode.markdown-language-features"},"activationEvent":"onLanguage:markdown"}
[2021-07-24 19:53:39.970] [exthost] [info] ExtensionService#loadCommonJSModule file:///usr/share/vscodium/resources/app/extensions/markdown-language-features/dist/extension
