2021-07-25T10:08:37.614Z - info: [ui] [AppStore] loading 1 repositories from store
2021-07-25T10:08:37.624Z - info: [ui] [AppStore] found account: Parzival1608vonKatze (Parzival1608vonKatze)
2021-07-25T10:08:39.590Z - info: [ui] launching: 2.8.2-linux1 (Linux 5.10.52-1-MANJARO)
2021-07-25T10:08:39.591Z - info: [ui] execPath: '/opt/github-desktop/github-desktop'
2021-07-25T10:08:40.011Z - info: [ui] Stats reported.
2021-07-25T10:08:43.007Z - info: [ui] Executing installGlobalLFSFilter: git lfs install --skip-repo (took 3.423s)
2021-07-25T10:08:43.020Z - info: [ui] Executing getStatus: git --no-optional-locks status --untracked-files=all --branch --porcelain=2 -z (took 5.196s)
2021-07-25T10:08:43.020Z - info: [ui] Executing getStatus: git --no-optional-locks status --untracked-files=all --branch --porcelain=2 -z (took 4.424s)
2021-07-25T10:09:08.091Z - info: [ui] Executing fetch: git -c credential.helper= -c protocol.version=2 fetch --progress --prune origin (took 2.974s)
2021-07-25T10:13:39.843Z - info: [ui] [AppStore] loading 1 repositories from store
2021-07-25T10:13:39.845Z - info: [ui] [AppStore] found account: Parzival1608vonKatze (Parzival1608vonKatze)
2021-07-25T10:13:40.151Z - info: [ui] [BranchPruner] Last prune took place in a day - skipping
2021-07-25T10:13:40.942Z - info: [ui] launching: 2.8.2-linux1 (Linux 5.10.52-1-MANJARO)
2021-07-25T10:13:40.942Z - info: [ui] execPath: '/opt/github-desktop/github-desktop'
2021-07-25T10:21:16.384Z - info: [ui] [AppStore.getAccountForRemoteURL] account found for remote: https://github.com/Parzival1608vonKatze/dotfiles.git - Parzival1608vonKatze (has token)
2021-07-25T10:21:17.490Z - info: [ui] Executing clone: git -c credential.helper= -c protocol.version=2 -c init.defaultBranch=main clone --recursive --progress -- https://github.com/Parzival1608vonKatze/dotfiles.git /home/juli/Documents/GitHub/dotfiles (took 1.017s)
2021-07-25T10:21:17.509Z - info: [ui] [AppStore] adding repository at /home/juli/Documents/GitHub/dotfiles to store
2021-07-25T10:21:17.882Z - info: [ui] [BranchPruner] Last prune took place in a day - skipping
2021-07-25T10:21:18.889Z - info: [ui] [BranchPruner] No branches to prune.
2021-07-25T10:21:38.289Z - info: [ui] [BranchPruner] Last prune took place in a day - skipping
2021-07-25T10:21:43.596Z - info: [ui] [Timing] Action 'create commit' for 'parzival1608vonkatze/Parzival1608vonKatze.github.io' took 0.507s
2021-07-25T10:21:45.346Z - info: [ui] [BranchPruner] Last prune took place in a day - skipping
2021-07-25T10:21:47.388Z - info: [ui] [BranchPruner] Last prune took place in a day - skipping
