2021-06-05T21:39:50.527Z - info: [ui] [AppStore] loading 0 repositories from store
2021-06-05T21:39:50.636Z - info: [ui] [Welcome] no sign in step found. ignoring...
2021-06-05T21:39:50.768Z - info: [ui] launching: 2.8.2-linux1 (Linux 5.10.36-2-MANJARO)
2021-06-05T21:39:50.769Z - info: [ui] execPath: '/opt/github-desktop/github-desktop'
2021-06-05T21:39:50.788Z - info: [ui] [Welcome] no sign in step found. ignoring...
2021-06-05T21:39:51.138Z - info: [ui] Opt in reported.
2021-06-05T21:39:51.153Z - info: [ui] [Welcome] no sign in step found. ignoring...
2021-06-05T21:39:59.546Z - info: [ui] [Welcome] advancing to step: SignInToDotComWithBrowser
2021-06-05T21:39:59.550Z - info: [ui] [SignInStore] initializing OAuth flow
2021-06-05T21:39:59.554Z - info: [main] opening in browser: https://github.com/login/oauth/authorize?client_id=3a723b10ac5575cc5bb9&scope=repo%20user%20workflow&state=33463525-ae3f-414e-b737-d9bc064ff842
2021-06-05T21:39:59.556Z - info: [ui] [Welcome] current sign in state not found. ignoring...
2021-06-05T21:40:00.815Z - info: [ui] [Welcome] kind Authentication is the same as Authentication. ignoring...
2021-06-05T21:40:00.848Z - info: [ui] [Welcome] kind Authentication is the same as Authentication. ignoring...
2021-06-05T21:42:42.212Z - info: [ui] [Welcome] kind Authentication is the same as Authentication. ignoring...
2021-06-05T21:42:42.236Z - info: [ui] [Welcome] kind Authentication is the same as Authentication. ignoring...
2021-06-05T21:42:49.927Z - info: [ui] [Welcome] kind Authentication is the same as Authentication. ignoring...
2021-06-05T21:42:50.059Z - info: [ui] [Welcome] kind Authentication is the same as Authentication. ignoring...
2021-06-05T21:51:55.560Z - info: [main] Received possible protocol arguments: 2
2021-06-05T21:51:55.562Z - info: [main] Processing protocol url
2021-06-05T21:51:55.584Z - info: [ui] [Dispatcher] requesting authenticated user
2021-06-05T21:51:55.611Z - info: [ui] [Welcome] kind Authentication is the same as Authentication. ignoring...
2021-06-05T21:51:55.624Z - info: [ui] [Welcome] kind Authentication is the same as Authentication. ignoring...
2021-06-05T21:51:56.305Z - info: [ui] [SignInStore] account resolved
2021-06-05T21:51:56.306Z - info: [ui] [AppStore] adding account Parzival1608vonKatze (Parzival1608vonKatze) to store
2021-06-05T21:51:56.309Z - info: [ui] [Welcome] advancing to step: ConfigureGit
2021-06-05T21:51:56.562Z - info: [ui] [Welcome] no sign in step found. ignoring...
2021-06-05T21:51:56.863Z - info: [ui] [Welcome] no sign in step found. ignoring...
2021-06-05T21:52:17.264Z - info: [ui] [AppStore.getAccountForRemoteURL] account found for remote: https://github.com/Parzival1608vonKatze/Parzival1608vonKatze.github.io.git - Parzival1608vonKatze (has token)
2021-06-05T21:52:21.199Z - info: [ui] Executing clone: git -c credential.helper= -c protocol.version=2 -c init.defaultBranch=main clone --recursive --progress -- https://github.com/Parzival1608vonKatze/Parzival1608vonKatze.github.io.git /home/juli/Documents/GitHub/Parzival1608vonKatze.github.io (took 3.864s)
2021-06-05T21:52:21.258Z - info: [ui] [AppStore] adding repository at /home/juli/Documents/GitHub/Parzival1608vonKatze.github.io to store
2021-06-05T21:52:24.045Z - info: [ui] [BranchPruner] No branches to prune.
2021-06-05T22:06:58.475Z - info: [ui] [AppStore] loading 1 repositories from store
2021-06-05T22:06:58.476Z - info: [ui] [AppStore] found account: Parzival1608vonKatze (Parzival1608vonKatze)
2021-06-05T22:06:58.585Z - info: [ui] [BranchPruner] Last prune took place in a day - skipping
2021-06-05T22:06:59.674Z - warn: [ui] fetchMentionables: failed for parzival1608vonkatze/Parzival1608vonKatze.github.io
TypeError: Failed to fetch
2021-06-05T22:06:59.676Z - warn: [ui] fetchIssues: failed for repository parzival1608vonkatze/Parzival1608vonKatze.github.io
TypeError: Failed to fetch
2021-06-05T22:06:59.677Z - warn: [ui] Unable to fetch issues for parzival1608vonkatze/Parzival1608vonKatze.github.io
TypeError: Failed to fetch
2021-06-05T22:06:59.677Z - warn: [ui] fetchEmails: failed with endpoint https://api.github.com
TypeError: Failed to fetch
2021-06-05T22:06:59.679Z - info: [ui] [fetchPushControl] unable to check if branch is potentially pushable
TypeError: Failed to fetch
2021-06-05T22:06:59.995Z - warn: [ui] failed fetching open PRs for repository parzival1608vonkatze/Parzival1608vonKatze.github.io
TypeError: Failed to fetch
2021-06-05T22:06:59.996Z - error: [ui] Error refreshing pull requests for 'parzival1608vonkatze/Parzival1608vonKatze.github.io'
TypeError: Failed to fetch
2021-06-05T22:07:00.042Z - info: [ui] launching: 2.8.2-linux1 (Linux 5.10.36-2-MANJARO)
2021-06-05T22:07:00.042Z - info: [ui] execPath: '/opt/github-desktop/github-desktop'
2021-06-05T22:07:00.116Z - error: [ui] Error reporting stats:
TypeError: Failed to fetch
