[2021-07-25 12:22:46.508] [exthost] [info] extension host started
[2021-07-25 12:22:46.595] [exthost] [info] ExtensionService#_doActivateExtension vscode.debug-auto-launch {"startup":true,"extensionId":{"value":"vscode.debug-auto-launch","_lower":"vscode.debug-auto-launch"},"activationEvent":"*"}
[2021-07-25 12:22:46.596] [exthost] [info] ExtensionService#loadCommonJSModule file:///usr/share/vscodium/resources/app/extensions/debug-auto-launch/dist/extension
[2021-07-25 12:22:46.601] [exthost] [info] ExtensionService#_doActivateExtension vscode.git {"startup":true,"extensionId":{"value":"vscode.github","_lower":"vscode.github"},"activationEvent":"*"}
[2021-07-25 12:22:46.601] [exthost] [info] ExtensionService#loadCommonJSModule file:///usr/share/vscodium/resources/app/extensions/git/dist/main
[2021-07-25 12:22:46.627] [exthost] [info] ExtensionService#_doActivateExtension ritwickdey.LiveServer {"startup":true,"extensionId":{"value":"ritwickdey.LiveServer","_lower":"ritwickdey.liveserver"},"activationEvent":"*"}
[2021-07-25 12:22:46.627] [exthost] [info] ExtensionService#loadCommonJSModule file:///home/juli/.vscode-oss/extensions/ritwickdey.liveserver-5.6.1/out/src/extension
[2021-07-25 12:22:47.073] [exthost] [info] ExtensionService#_doActivateExtension vscode.github {"startup":true,"extensionId":{"value":"vscode.github","_lower":"vscode.github"},"activationEvent":"*"}
[2021-07-25 12:22:47.074] [exthost] [info] ExtensionService#loadCommonJSModule file:///usr/share/vscodium/resources/app/extensions/github/dist/extension.js
[2021-07-25 12:22:47.157] [exthost] [info] ExtensionService#_doActivateExtension ms-vscode.js-debug {"startup":false,"extensionId":{"value":"ms-vscode.js-debug","_lower":"ms-vscode.js-debug"},"activationEvent":"onCommand:extension.js-debug.clearAutoAttachVariables"}
[2021-07-25 12:22:47.157] [exthost] [info] ExtensionService#loadCommonJSModule file:///usr/share/vscodium/resources/app/extensions/ms-vscode.js-debug/src/extension.js
[2021-07-25 12:22:47.345] [exthost] [info] eager extensions activated
[2021-07-25 12:22:47.355] [exthost] [info] ExtensionService#_doActivateExtension vscode.emmet {"startup":false,"extensionId":{"value":"vscode.emmet","_lower":"vscode.emmet"},"activationEvent":"onStartupFinished"}
[2021-07-25 12:22:47.355] [exthost] [info] ExtensionService#loadCommonJSModule file:///usr/share/vscodium/resources/app/extensions/emmet/dist/node/emmetNodeMain
[2021-07-25 12:22:47.364] [exthost] [info] ExtensionService#_doActivateExtension vscode.merge-conflict {"startup":false,"extensionId":{"value":"vscode.merge-conflict","_lower":"vscode.merge-conflict"},"activationEvent":"onStartupFinished"}
[2021-07-25 12:22:47.364] [exthost] [info] ExtensionService#loadCommonJSModule file:///usr/share/vscodium/resources/app/extensions/merge-conflict/dist/mergeConflictMain
[2021-07-25 12:22:47.366] [exthost] [info] ExtensionService#_doActivateExtension vscode.testing-editor-contributions {"startup":false,"extensionId":{"value":"vscode.testing-editor-contributions","_lower":"vscode.testing-editor-contributions"},"activationEvent":"onStartupFinished"}
[2021-07-25 12:22:47.367] [exthost] [info] ExtensionService#loadCommonJSModule file:///usr/share/vscodium/resources/app/extensions/testing-editor-contributions/dist/extension.js
[2021-07-25 12:33:09.152] [exthost] [info] ExtensionService#_doActivateExtension vscode.configuration-editing {"startup":false,"extensionId":{"value":"vscode.configuration-editing","_lower":"vscode.configuration-editing"},"activationEvent":"onLanguage:jsonc"}
[2021-07-25 12:33:09.152] [exthost] [info] ExtensionService#loadCommonJSModule file:///usr/share/vscodium/resources/app/extensions/configuration-editing/dist/configurationEditingMain
[2021-07-25 12:33:09.317] [exthost] [info] ExtensionService#_doActivateExtension vscode.json-language-features {"startup":false,"extensionId":{"value":"vscode.json-language-features","_lower":"vscode.json-language-features"},"activationEvent":"onLanguage:jsonc"}
[2021-07-25 12:33:09.318] [exthost] [info] ExtensionService#loadCommonJSModule file:///usr/share/vscodium/resources/app/extensions/json-language-features/client/dist/node/jsonClientMain
[2021-07-25 12:33:09.421] [exthost] [info] ExtensionService#_doActivateExtension vscode.typescript-language-features {"startup":false,"extensionId":{"value":"vscode.typescript-language-features","_lower":"vscode.typescript-language-features"},"activationEvent":"onLanguage:jsonc"}
[2021-07-25 12:33:09.422] [exthost] [info] ExtensionService#loadCommonJSModule file:///usr/share/vscodium/resources/app/extensions/typescript-language-features/dist/extension
[2021-07-25 12:33:57.170] [exthost] [warning] [Decorations] CAPPING events from decorations provider vscode.git 1061
[2021-07-25 12:34:03.300] [exthost] [warning] [Decorations] CAPPING events from decorations provider vscode.git 4447
