[2021-07-24 18:52:43.806] [exthost] [info] extension host started
[2021-07-24 18:52:44.028] [exthost] [info] ExtensionService#_doActivateExtension vscode.debug-auto-launch {"startup":true,"extensionId":{"value":"vscode.debug-auto-launch","_lower":"vscode.debug-auto-launch"},"activationEvent":"*"}
[2021-07-24 18:52:44.028] [exthost] [info] ExtensionService#loadCommonJSModule file:///usr/share/vscodium/resources/app/extensions/debug-auto-launch/dist/extension
[2021-07-24 18:52:44.035] [exthost] [info] ExtensionService#_doActivateExtension vscode.git {"startup":true,"extensionId":{"value":"vscode.github","_lower":"vscode.github"},"activationEvent":"*"}
[2021-07-24 18:52:44.035] [exthost] [info] ExtensionService#loadCommonJSModule file:///usr/share/vscodium/resources/app/extensions/git/dist/main
[2021-07-24 18:52:44.075] [exthost] [info] ExtensionService#_doActivateExtension ritwickdey.LiveServer {"startup":true,"extensionId":{"value":"ritwickdey.LiveServer","_lower":"ritwickdey.liveserver"},"activationEvent":"*"}
[2021-07-24 18:52:44.075] [exthost] [info] ExtensionService#loadCommonJSModule file:///home/juli/.vscode-oss/extensions/ritwickdey.liveserver-5.6.1/out/src/extension
[2021-07-24 18:52:44.518] [exthost] [info] ExtensionService#_doActivateExtension vscode.github {"startup":true,"extensionId":{"value":"vscode.github","_lower":"vscode.github"},"activationEvent":"*"}
[2021-07-24 18:52:44.518] [exthost] [info] ExtensionService#loadCommonJSModule file:///usr/share/vscodium/resources/app/extensions/github/dist/extension.js
[2021-07-24 18:52:44.527] [exthost] [info] ExtensionService#_doActivateExtension ms-vscode.js-debug {"startup":false,"extensionId":{"value":"ms-vscode.js-debug","_lower":"ms-vscode.js-debug"},"activationEvent":"onCommand:extension.js-debug.clearAutoAttachVariables"}
[2021-07-24 18:52:44.527] [exthost] [info] ExtensionService#loadCommonJSModule file:///usr/share/vscodium/resources/app/extensions/ms-vscode.js-debug/src/extension.js
[2021-07-24 18:52:44.690] [exthost] [info] eager extensions activated
[2021-07-24 18:52:44.693] [exthost] [info] ExtensionService#_doActivateExtension vscode.emmet {"startup":false,"extensionId":{"value":"vscode.emmet","_lower":"vscode.emmet"},"activationEvent":"onStartupFinished"}
[2021-07-24 18:52:44.693] [exthost] [info] ExtensionService#loadCommonJSModule file:///usr/share/vscodium/resources/app/extensions/emmet/dist/node/emmetNodeMain
[2021-07-24 18:52:44.701] [exthost] [info] ExtensionService#_doActivateExtension vscode.merge-conflict {"startup":false,"extensionId":{"value":"vscode.merge-conflict","_lower":"vscode.merge-conflict"},"activationEvent":"onStartupFinished"}
[2021-07-24 18:52:44.701] [exthost] [info] ExtensionService#loadCommonJSModule file:///usr/share/vscodium/resources/app/extensions/merge-conflict/dist/mergeConflictMain
[2021-07-24 18:52:44.703] [exthost] [info] ExtensionService#_doActivateExtension vscode.testing-editor-contributions {"startup":false,"extensionId":{"value":"vscode.testing-editor-contributions","_lower":"vscode.testing-editor-contributions"},"activationEvent":"onStartupFinished"}
[2021-07-24 18:52:44.703] [exthost] [info] ExtensionService#loadCommonJSModule file:///usr/share/vscodium/resources/app/extensions/testing-editor-contributions/dist/extension.js
[2021-07-24 19:07:31.751] [exthost] [info] ExtensionService#_doActivateExtension vscode.html-language-features {"startup":false,"extensionId":{"value":"vscode.html-language-features","_lower":"vscode.html-language-features"},"activationEvent":"onLanguage:html"}
[2021-07-24 19:07:31.751] [exthost] [info] ExtensionService#loadCommonJSModule file:///usr/share/vscodium/resources/app/extensions/html-language-features/client/dist/node/htmlClientMain
[2021-07-24 19:25:46.627] [exthost] [info] extension host terminating: received terminate message from renderer
[2021-07-24 19:25:47.656] [exthost] [info] exiting with code 0
